Symlinking /home/blackbox/catkin_ws/devel/lib/pkgconfig/interfacing.pc
Symlinking /home/blackbox/catkin_ws/devel/lib/python2.7/dist-packages/interfacing/__init__.py
Symlinking /home/blackbox/catkin_ws/devel/lib/python2.7/dist-packages/interfacing/msg/_velocity.py
Symlinking /home/blackbox/catkin_ws/devel/lib/python2.7/dist-packages/interfacing/msg/_Velocity.py
Symlinking /home/blackbox/catkin_ws/devel/lib/python2.7/dist-packages/interfacing/msg/__init__.py
Symlinking /home/blackbox/catkin_ws/devel/include/interfacing/velocity.h
Symlinking /home/blackbox/catkin_ws/devel/include/interfacing/Velocity.h
Symlinking /home/blackbox/catkin_ws/devel/share/interfacing/cmake/interfacingConfig.cmake
Symlinking /home/blackbox/catkin_ws/devel/share/interfacing/cmake/interfacing-msg-extras.cmake
Symlinking /home/blackbox/catkin_ws/devel/share/interfacing/cmake/interfacing-msg-paths.cmake
Symlinking /home/blackbox/catkin_ws/devel/share/interfacing/cmake/interfacingConfig-version.cmake
Symlinking /home/blackbox/catkin_ws/devel/share/gennodejs/ros/interfacing/_index.js
Symlinking /home/blackbox/catkin_ws/devel/share/gennodejs/ros/interfacing/msg/Velocity.js
Symlinking /home/blackbox/catkin_ws/devel/share/gennodejs/ros/interfacing/msg/_index.js
Symlinking /home/blackbox/catkin_ws/devel/share/gennodejs/ros/interfacing/msg/velocity.js
Symlinking /home/blackbox/catkin_ws/devel/share/roseus/ros/interfacing/manifest.l
Symlinking /home/blackbox/catkin_ws/devel/share/roseus/ros/interfacing/msg/Velocity.l
Symlinking /home/blackbox/catkin_ws/devel/share/roseus/ros/interfacing/msg/velocity.l
Symlinking /home/blackbox/catkin_ws/devel/share/common-lisp/ros/interfacing/msg/_package_velocity.lisp
Symlinking /home/blackbox/catkin_ws/devel/share/common-lisp/ros/interfacing/msg/Velocity.lisp
Symlinking /home/blackbox/catkin_ws/devel/share/common-lisp/ros/interfacing/msg/_package.lisp
Symlinking /home/blackbox/catkin_ws/devel/share/common-lisp/ros/interfacing/msg/velocity.lisp
Symlinking /home/blackbox/catkin_ws/devel/share/common-lisp/ros/interfacing/msg/_package_Velocity.lisp
Symlinking /home/blackbox/catkin_ws/devel/share/common-lisp/ros/interfacing/msg/interfacing-msg.asd
