Linked: (/home/blackbox/catkin_ws/devel/.private/learning_ros/lib/pkgconfig/learning_ros.pc, /home/blackbox/catkin_ws/devel/lib/pkgconfig/learning_ros.pc)
Linked: (/home/blackbox/catkin_ws/devel/.private/learning_ros/lib/python2.7/dist-packages/learning_ros/__init__.py, /home/blackbox/catkin_ws/devel/lib/python2.7/dist-packages/learning_ros/__init__.py)
Linked: (/home/blackbox/catkin_ws/devel/.private/learning_ros/lib/python2.7/dist-packages/learning_ros/srv/_WordCount.py, /home/blackbox/catkin_ws/devel/lib/python2.7/dist-packages/learning_ros/srv/_WordCount.py)
Linked: (/home/blackbox/catkin_ws/devel/.private/learning_ros/lib/python2.7/dist-packages/learning_ros/srv/__init__.py, /home/blackbox/catkin_ws/devel/lib/python2.7/dist-packages/learning_ros/srv/__init__.py)
Linked: (/home/blackbox/catkin_ws/devel/.private/learning_ros/include/learning_ros/WordCount.h, /home/blackbox/catkin_ws/devel/include/learning_ros/WordCount.h)
Linked: (/home/blackbox/catkin_ws/devel/.private/learning_ros/include/learning_ros/WordCountResponse.h, /home/blackbox/catkin_ws/devel/include/learning_ros/WordCountResponse.h)
Linked: (/home/blackbox/catkin_ws/devel/.private/learning_ros/include/learning_ros/WordCountRequest.h, /home/blackbox/catkin_ws/devel/include/learning_ros/WordCountRequest.h)
Linked: (/home/blackbox/catkin_ws/devel/.private/learning_ros/share/learning_ros/cmake/learning_ros-msg-paths.cmake, /home/blackbox/catkin_ws/devel/share/learning_ros/cmake/learning_ros-msg-paths.cmake)
Linked: (/home/blackbox/catkin_ws/devel/.private/learning_ros/share/learning_ros/cmake/learning_rosConfig.cmake, /home/blackbox/catkin_ws/devel/share/learning_ros/cmake/learning_rosConfig.cmake)
Linked: (/home/blackbox/catkin_ws/devel/.private/learning_ros/share/learning_ros/cmake/learning_rosConfig-version.cmake, /home/blackbox/catkin_ws/devel/share/learning_ros/cmake/learning_rosConfig-version.cmake)
Linked: (/home/blackbox/catkin_ws/devel/.private/learning_ros/share/learning_ros/cmake/learning_ros-msg-extras.cmake, /home/blackbox/catkin_ws/devel/share/learning_ros/cmake/learning_ros-msg-extras.cmake)
Linked: (/home/blackbox/catkin_ws/devel/.private/learning_ros/share/gennodejs/ros/learning_ros/_index.js, /home/blackbox/catkin_ws/devel/share/gennodejs/ros/learning_ros/_index.js)
Linked: (/home/blackbox/catkin_ws/devel/.private/learning_ros/share/gennodejs/ros/learning_ros/srv/WordCount.js, /home/blackbox/catkin_ws/devel/share/gennodejs/ros/learning_ros/srv/WordCount.js)
Linked: (/home/blackbox/catkin_ws/devel/.private/learning_ros/share/gennodejs/ros/learning_ros/srv/_index.js, /home/blackbox/catkin_ws/devel/share/gennodejs/ros/learning_ros/srv/_index.js)
Linked: (/home/blackbox/catkin_ws/devel/.private/learning_ros/share/roseus/ros/learning_ros/manifest.l, /home/blackbox/catkin_ws/devel/share/roseus/ros/learning_ros/manifest.l)
Linked: (/home/blackbox/catkin_ws/devel/.private/learning_ros/share/roseus/ros/learning_ros/srv/WordCount.l, /home/blackbox/catkin_ws/devel/share/roseus/ros/learning_ros/srv/WordCount.l)
Linked: (/home/blackbox/catkin_ws/devel/.private/learning_ros/share/common-lisp/ros/learning_ros/srv/_package_WordCount.lisp, /home/blackbox/catkin_ws/devel/share/common-lisp/ros/learning_ros/srv/_package_WordCount.lisp)
Linked: (/home/blackbox/catkin_ws/devel/.private/learning_ros/share/common-lisp/ros/learning_ros/srv/_package.lisp, /home/blackbox/catkin_ws/devel/share/common-lisp/ros/learning_ros/srv/_package.lisp)
Linked: (/home/blackbox/catkin_ws/devel/.private/learning_ros/share/common-lisp/ros/learning_ros/srv/learning_ros-srv.asd, /home/blackbox/catkin_ws/devel/share/common-lisp/ros/learning_ros/srv/learning_ros-srv.asd)
Linked: (/home/blackbox/catkin_ws/devel/.private/learning_ros/share/common-lisp/ros/learning_ros/srv/WordCount.lisp, /home/blackbox/catkin_ws/devel/share/common-lisp/ros/learning_ros/srv/WordCount.lisp)
