[35m[1mScanning dependencies of target _learning_ros_generate_messages_check_deps_WordCount[0m
[  0%] Built target _learning_ros_generate_messages_check_deps_WordCount
[35m[1mScanning dependencies of target std_msgs_generate_messages_nodejs[0m
[  0%] Built target std_msgs_generate_messages_nodejs
[35m[1mScanning dependencies of target std_msgs_generate_messages_py[0m
[  0%] Built target std_msgs_generate_messages_py
[35m[1mScanning dependencies of target std_msgs_generate_messages_lisp[0m
[  0%] Built target std_msgs_generate_messages_lisp
[35m[1mScanning dependencies of target std_msgs_generate_messages_eus[0m
[  0%] Built target std_msgs_generate_messages_eus
[35m[1mScanning dependencies of target std_msgs_generate_messages_cpp[0m
[  0%] Built target std_msgs_generate_messages_cpp
[35m[1mScanning dependencies of target learning_ros_generate_messages_nodejs[0m
[ 14%] [34m[1mGenerating Javascript code from learning_ros/WordCount.srv[0m
[ 14%] Built target learning_ros_generate_messages_nodejs
[35m[1mScanning dependencies of target learning_ros_generate_messages_py[0m
[ 28%] [34m[1mGenerating Python code from SRV learning_ros/WordCount[0m
[ 42%] [34m[1mGenerating Python srv __init__.py for learning_ros[0m
[ 42%] Built target learning_ros_generate_messages_py
[35m[1mScanning dependencies of target learning_ros_generate_messages_lisp[0m
[ 57%] [34m[1mGenerating Lisp code from learning_ros/WordCount.srv[0m
[ 57%] Built target learning_ros_generate_messages_lisp
[35m[1mScanning dependencies of target learning_ros_generate_messages_eus[0m
[ 71%] [34m[1mGenerating EusLisp code from learning_ros/WordCount.srv[0m
[ 85%] [34m[1mGenerating EusLisp manifest code for learning_ros[0m
[ 85%] Built target learning_ros_generate_messages_eus
[35m[1mScanning dependencies of target learning_ros_generate_messages_cpp[0m
[100%] [34m[1mGenerating C++ code from learning_ros/WordCount.srv[0m
[100%] Built target learning_ros_generate_messages_cpp
[35m[1mScanning dependencies of target learning_ros_generate_messages[0m
[100%] Built target learning_ros_generate_messages
