Symlinking /home/blackbox/catkin_ws/devel/lib/pkgconfig/learning_ros.pc
Symlinking /home/blackbox/catkin_ws/devel/lib/python2.7/dist-packages/learning_ros/__init__.py
Symlinking /home/blackbox/catkin_ws/devel/lib/python2.7/dist-packages/learning_ros/srv/_WordCount.py
Symlinking /home/blackbox/catkin_ws/devel/lib/python2.7/dist-packages/learning_ros/srv/__init__.py
Symlinking /home/blackbox/catkin_ws/devel/include/learning_ros/WordCount.h
Symlinking /home/blackbox/catkin_ws/devel/include/learning_ros/WordCountResponse.h
Symlinking /home/blackbox/catkin_ws/devel/include/learning_ros/WordCountRequest.h
Symlinking /home/blackbox/catkin_ws/devel/share/learning_ros/cmake/learning_ros-msg-paths.cmake
Symlinking /home/blackbox/catkin_ws/devel/share/learning_ros/cmake/learning_rosConfig.cmake
Symlinking /home/blackbox/catkin_ws/devel/share/learning_ros/cmake/learning_rosConfig-version.cmake
Symlinking /home/blackbox/catkin_ws/devel/share/learning_ros/cmake/learning_ros-msg-extras.cmake
Symlinking /home/blackbox/catkin_ws/devel/share/gennodejs/ros/learning_ros/_index.js
Symlinking /home/blackbox/catkin_ws/devel/share/gennodejs/ros/learning_ros/srv/WordCount.js
Symlinking /home/blackbox/catkin_ws/devel/share/gennodejs/ros/learning_ros/srv/_index.js
Symlinking /home/blackbox/catkin_ws/devel/share/roseus/ros/learning_ros/manifest.l
Symlinking /home/blackbox/catkin_ws/devel/share/roseus/ros/learning_ros/srv/WordCount.l
Symlinking /home/blackbox/catkin_ws/devel/share/common-lisp/ros/learning_ros/srv/_package_WordCount.lisp
Symlinking /home/blackbox/catkin_ws/devel/share/common-lisp/ros/learning_ros/srv/_package.lisp
Symlinking /home/blackbox/catkin_ws/devel/share/common-lisp/ros/learning_ros/srv/learning_ros-srv.asd
Symlinking /home/blackbox/catkin_ws/devel/share/common-lisp/ros/learning_ros/srv/WordCount.lisp
