[  0%] Built target tf2_msgs_generate_messages_lisp
[  0%] Built target _sick_scan_generate_messages_check_deps_RadarPreHeaderEncoderBlock
[  0%] Built target _sick_scan_generate_messages_check_deps_RadarPreHeader
[  0%] Built target geometry_msgs_generate_messages_py
[  0%] Built target _sick_scan_generate_messages_check_deps_RadarPreHeaderStatusBlock
[  0%] Built target sensor_msgs_generate_messages_py
[  0%] Built target std_msgs_generate_messages_py
[  0%] Built target _sick_scan_generate_messages_check_deps_RadarObject
[  0%] Built target _sick_scan_generate_messages_check_deps_RadarScan
[  0%] Built target std_msgs_generate_messages_eus
[  0%] Built target _sick_scan_generate_messages_check_deps_RadarPreHeaderMeasurementParam1Block
[  0%] Built target _sick_scan_generate_messages_check_deps_RadarPreHeaderDeviceBlock
[  0%] Built target geometry_msgs_generate_messages_eus
[  0%] Built target sensor_msgs_generate_messages_eus
[  0%] Built target geometry_msgs_generate_messages_cpp
[  0%] Built target std_msgs_generate_messages_cpp
[  0%] Built target sensor_msgs_generate_messages_cpp
[  0%] Built target dynamic_reconfigure_generate_messages_nodejs
[  0%] Built target visualization_msgs_generate_messages_cpp
[  0%] Built target dynamic_reconfigure_gencfg
[  0%] Built target tf_generate_messages_lisp
[  0%] Built target diagnostic_msgs_generate_messages_nodejs
[  0%] Built target diagnostic_msgs_generate_messages_py
[  0%] Built target diagnostic_msgs_generate_messages_cpp
[  0%] Built target rosgraph_msgs_generate_messages_py
[  0%] Built target std_msgs_generate_messages_nodejs
[  0%] Built target actionlib_generate_messages_cpp
[  0%] Built target visualization_msgs_generate_messages_py
[  0%] Built target roscpp_generate_messages_py
[  1%] Built target geometry_msgs_generate_messages_nodejs
[  1%] Built target sick_scan_gencfg
[  1%] Built target roscpp_generate_messages_cpp
[  1%] Built target visualization_msgs_generate_messages_lisp
[  1%] Built target roscpp_generate_messages_eus
[  1%] Built target dynamic_reconfigure_generate_messages_cpp
[  1%] Built target diagnostic_msgs_generate_messages_lisp
[  1%] Built target bond_generate_messages_eus
[  1%] Built target geometry_msgs_generate_messages_lisp
[  1%] Built target bond_generate_messages_py
[  1%] Built target std_srvs_generate_messages_lisp
[  1%] Built target std_msgs_generate_messages_lisp
[  1%] Built target nodelet_generate_messages_py
[  1%] Built target diagnostic_msgs_generate_messages_eus
[  1%] Built target rosgraph_msgs_generate_messages_cpp
[  1%] Built target pcl_msgs_generate_messages_eus
[  1%] Built target std_srvs_generate_messages_eus
[  1%] Built target tf_generate_messages_cpp
[  1%] Built target sensor_msgs_generate_messages_nodejs
[  1%] Built target actionlib_generate_messages_nodejs
[  1%] Built target actionlib_msgs_generate_messages_cpp
[  1%] Built target rosgraph_msgs_generate_messages_nodejs
[  1%] Built target roscpp_generate_messages_nodejs
[  1%] Built target pcl_msgs_generate_messages_nodejs
[  1%] Built target std_srvs_generate_messages_nodejs
[  1%] Built target rosgraph_msgs_generate_messages_lisp
[  1%] Built target rosgraph_msgs_generate_messages_eus
[  1%] Built target dynamic_reconfigure_generate_messages_lisp
[  1%] Built target roscpp_generate_messages_lisp
[  1%] Built target sensor_msgs_generate_messages_lisp
[  1%] Built target tf_generate_messages_nodejs
[  2%] Built target std_srvs_generate_messages_py
[ 11%] Built target sick_scan_generate_messages_nodejs
[ 11%] Built target visualization_msgs_generate_messages_nodejs
[ 11%] Built target pcl_msgs_generate_messages_lisp
[ 11%] Built target pcl_ros_gencfg
[ 11%] Built target nodelet_generate_messages_cpp
[ 11%] Built target tf2_msgs_generate_messages_eus
[ 11%] Built target visualization_msgs_generate_messages_eus
[ 11%] Built target bond_generate_messages_nodejs
[ 11%] Built target dynamic_reconfigure_generate_messages_eus
[ 11%] Built target pcl_msgs_generate_messages_py
[ 11%] Built target nodelet_generate_messages_nodejs
[ 11%] Built target tf2_msgs_generate_messages_nodejs
[ 11%] Built target nodelet_generate_messages_lisp
[ 11%] Built target bond_generate_messages_cpp
[ 11%] Built target nodelet_generate_messages_eus
[ 11%] Built target bond_generate_messages_lisp
[ 11%] Built target topic_tools_generate_messages_cpp
[ 11%] Built target topic_tools_generate_messages_eus
[ 11%] Built target pcl_msgs_generate_messages_cpp
[ 11%] Built target nodelet_topic_tools_gencfg
[ 11%] Built target std_srvs_generate_messages_cpp
[ 11%] Built target topic_tools_generate_messages_lisp
[ 11%] Built target topic_tools_generate_messages_nodejs
[ 11%] Built target topic_tools_generate_messages_py
[ 11%] Built target actionlib_msgs_generate_messages_nodejs
[ 11%] Built target tf2_msgs_generate_messages_py
[ 11%] Built target tf_generate_messages_eus
[ 11%] Built target tf_generate_messages_py
[ 11%] Built target actionlib_generate_messages_eus
[ 11%] Built target actionlib_generate_messages_lisp
[ 11%] Built target actionlib_msgs_generate_messages_eus
[ 11%] Built target dynamic_reconfigure_generate_messages_py
[ 11%] Built target actionlib_generate_messages_py
[ 11%] Built target actionlib_msgs_generate_messages_lisp
[ 11%] Built target actionlib_msgs_generate_messages_py
[ 11%] Built target tf2_msgs_generate_messages_cpp
[ 23%] Built target sick_scan_generate_messages_py
[ 34%] Built target sick_scan_generate_messages_eus
[ 44%] Built target sick_scan_generate_messages_cpp
[ 55%] Built target sick_scan_generate_messages_lisp
[ 59%] Built target pcl_converter
[ 59%] Built target sick_scan_generate_messages
[ 82%] Built target sick_scan_lib
[ 91%] Built target sick_scan_test
[ 95%] Built target radar_object_marker
[100%] Built target sick_generic_caller
