Symlinking /home/blackbox/catkin_ws/devel/lib/libsick_scan_lib.so
Symlinking /home/blackbox/catkin_ws/devel/lib/sick_scan/sick_scan_test
Symlinking /home/blackbox/catkin_ws/devel/lib/sick_scan/pcl_converter
Symlinking /home/blackbox/catkin_ws/devel/lib/sick_scan/sick_generic_caller
Symlinking /home/blackbox/catkin_ws/devel/lib/sick_scan/radar_object_marker
Symlinking /home/blackbox/catkin_ws/devel/lib/pkgconfig/sick_scan.pc
Symlinking /home/blackbox/catkin_ws/devel/lib/python2.7/dist-packages/sick_scan/__init__.py
Symlinking /home/blackbox/catkin_ws/devel/lib/python2.7/dist-packages/sick_scan/cfg/SickScanConfig.py
Symlinking /home/blackbox/catkin_ws/devel/lib/python2.7/dist-packages/sick_scan/cfg/__init__.py
Symlinking /home/blackbox/catkin_ws/devel/lib/python2.7/dist-packages/sick_scan/msg/_RadarPreHeaderMeasurementParam1Block.py
Symlinking /home/blackbox/catkin_ws/devel/lib/python2.7/dist-packages/sick_scan/msg/_RadarPreHeaderStatusBlock.py
Symlinking /home/blackbox/catkin_ws/devel/lib/python2.7/dist-packages/sick_scan/msg/_RadarObject.py
Symlinking /home/blackbox/catkin_ws/devel/lib/python2.7/dist-packages/sick_scan/msg/_RadarPreHeader.py
Symlinking /home/blackbox/catkin_ws/devel/lib/python2.7/dist-packages/sick_scan/msg/_RadarScan.py
Symlinking /home/blackbox/catkin_ws/devel/lib/python2.7/dist-packages/sick_scan/msg/_RadarPreHeaderDeviceBlock.py
Symlinking /home/blackbox/catkin_ws/devel/lib/python2.7/dist-packages/sick_scan/msg/_RadarPreHeaderEncoderBlock.py
Symlinking /home/blackbox/catkin_ws/devel/lib/python2.7/dist-packages/sick_scan/msg/__init__.py
Symlinking /home/blackbox/catkin_ws/devel/include/sick_scan/RadarPreHeaderMeasurementParam1Block.h
Symlinking /home/blackbox/catkin_ws/devel/include/sick_scan/RadarScan.h
Symlinking /home/blackbox/catkin_ws/devel/include/sick_scan/RadarPreHeaderDeviceBlock.h
Symlinking /home/blackbox/catkin_ws/devel/include/sick_scan/RadarPreHeader.h
Symlinking /home/blackbox/catkin_ws/devel/include/sick_scan/SickScanConfig.h
Symlinking /home/blackbox/catkin_ws/devel/include/sick_scan/RadarPreHeaderStatusBlock.h
Symlinking /home/blackbox/catkin_ws/devel/include/sick_scan/RadarObject.h
Symlinking /home/blackbox/catkin_ws/devel/include/sick_scan/RadarPreHeaderEncoderBlock.h
Symlinking /home/blackbox/catkin_ws/devel/share/sick_scan/cmake/sick_scan-msg-paths.cmake
Symlinking /home/blackbox/catkin_ws/devel/share/sick_scan/cmake/sick_scanConfig.cmake
Symlinking /home/blackbox/catkin_ws/devel/share/sick_scan/cmake/sick_scanConfig-version.cmake
Symlinking /home/blackbox/catkin_ws/devel/share/sick_scan/cmake/sick_scan-msg-extras.cmake
Symlinking /home/blackbox/catkin_ws/devel/share/sick_scan/docs/SickScanConfig.dox
Symlinking /home/blackbox/catkin_ws/devel/share/sick_scan/docs/SickScanConfig-usage.dox
Symlinking /home/blackbox/catkin_ws/devel/share/sick_scan/docs/SickScanConfig.wikidoc
Symlinking /home/blackbox/catkin_ws/devel/share/gennodejs/ros/sick_scan/_index.js
Symlinking /home/blackbox/catkin_ws/devel/share/gennodejs/ros/sick_scan/msg/RadarPreHeaderMeasurementParam1Block.js
Symlinking /home/blackbox/catkin_ws/devel/share/gennodejs/ros/sick_scan/msg/RadarScan.js
Symlinking /home/blackbox/catkin_ws/devel/share/gennodejs/ros/sick_scan/msg/_index.js
Symlinking /home/blackbox/catkin_ws/devel/share/gennodejs/ros/sick_scan/msg/RadarPreHeaderEncoderBlock.js
Symlinking /home/blackbox/catkin_ws/devel/share/gennodejs/ros/sick_scan/msg/RadarPreHeaderStatusBlock.js
Symlinking /home/blackbox/catkin_ws/devel/share/gennodejs/ros/sick_scan/msg/RadarPreHeaderDeviceBlock.js
Symlinking /home/blackbox/catkin_ws/devel/share/gennodejs/ros/sick_scan/msg/RadarObject.js
Symlinking /home/blackbox/catkin_ws/devel/share/gennodejs/ros/sick_scan/msg/RadarPreHeader.js
Symlinking /home/blackbox/catkin_ws/devel/share/roseus/ros/sick_scan/manifest.l
Symlinking /home/blackbox/catkin_ws/devel/share/roseus/ros/sick_scan/msg/RadarPreHeaderStatusBlock.l
Symlinking /home/blackbox/catkin_ws/devel/share/roseus/ros/sick_scan/msg/RadarPreHeaderDeviceBlock.l
Symlinking /home/blackbox/catkin_ws/devel/share/roseus/ros/sick_scan/msg/RadarPreHeaderEncoderBlock.l
Symlinking /home/blackbox/catkin_ws/devel/share/roseus/ros/sick_scan/msg/RadarObject.l
Symlinking /home/blackbox/catkin_ws/devel/share/roseus/ros/sick_scan/msg/RadarPreHeader.l
Symlinking /home/blackbox/catkin_ws/devel/share/roseus/ros/sick_scan/msg/RadarScan.l
Symlinking /home/blackbox/catkin_ws/devel/share/roseus/ros/sick_scan/msg/RadarPreHeaderMeasurementParam1Block.l
Symlinking /home/blackbox/catkin_ws/devel/share/common-lisp/ros/sick_scan/msg/_package_RadarPreHeaderDeviceBlock.lisp
Symlinking /home/blackbox/catkin_ws/devel/share/common-lisp/ros/sick_scan/msg/_package_RadarScan.lisp
Symlinking /home/blackbox/catkin_ws/devel/share/common-lisp/ros/sick_scan/msg/RadarPreHeaderMeasurementParam1Block.lisp
Symlinking /home/blackbox/catkin_ws/devel/share/common-lisp/ros/sick_scan/msg/_package_RadarPreHeader.lisp
Symlinking /home/blackbox/catkin_ws/devel/share/common-lisp/ros/sick_scan/msg/RadarPreHeader.lisp
Symlinking /home/blackbox/catkin_ws/devel/share/common-lisp/ros/sick_scan/msg/RadarScan.lisp
Symlinking /home/blackbox/catkin_ws/devel/share/common-lisp/ros/sick_scan/msg/_package_RadarObject.lisp
Symlinking /home/blackbox/catkin_ws/devel/share/common-lisp/ros/sick_scan/msg/RadarObject.lisp
Symlinking /home/blackbox/catkin_ws/devel/share/common-lisp/ros/sick_scan/msg/_package.lisp
Symlinking /home/blackbox/catkin_ws/devel/share/common-lisp/ros/sick_scan/msg/RadarPreHeaderDeviceBlock.lisp
Symlinking /home/blackbox/catkin_ws/devel/share/common-lisp/ros/sick_scan/msg/RadarPreHeaderStatusBlock.lisp
Symlinking /home/blackbox/catkin_ws/devel/share/common-lisp/ros/sick_scan/msg/RadarPreHeaderEncoderBlock.lisp
Symlinking /home/blackbox/catkin_ws/devel/share/common-lisp/ros/sick_scan/msg/sick_scan-msg.asd
Symlinking /home/blackbox/catkin_ws/devel/share/common-lisp/ros/sick_scan/msg/_package_RadarPreHeaderStatusBlock.lisp
Symlinking /home/blackbox/catkin_ws/devel/share/common-lisp/ros/sick_scan/msg/_package_RadarPreHeaderMeasurementParam1Block.lisp
Symlinking /home/blackbox/catkin_ws/devel/share/common-lisp/ros/sick_scan/msg/_package_RadarPreHeaderEncoderBlock.lisp
