[35m[1mScanning dependencies of target tf2_msgs_generate_messages_lisp[0m
[  0%] Built target tf2_msgs_generate_messages_lisp
[35m[1mScanning dependencies of target _sick_scan_generate_messages_check_deps_RadarPreHeaderEncoderBlock[0m
[  0%] Built target _sick_scan_generate_messages_check_deps_RadarPreHeaderEncoderBlock
[35m[1mScanning dependencies of target _sick_scan_generate_messages_check_deps_RadarPreHeader[0m
[  0%] Built target _sick_scan_generate_messages_check_deps_RadarPreHeader
[35m[1mScanning dependencies of target _sick_scan_generate_messages_check_deps_RadarPreHeaderStatusBlock[0m
[  0%] Built target _sick_scan_generate_messages_check_deps_RadarPreHeaderStatusBlock
[35m[1mScanning dependencies of target geometry_msgs_generate_messages_py[0m
[  0%] Built target geometry_msgs_generate_messages_py
[35m[1mScanning dependencies of target _sick_scan_generate_messages_check_deps_RadarObject[0m
[  0%] Built target _sick_scan_generate_messages_check_deps_RadarObject
[35m[1mScanning dependencies of target sensor_msgs_generate_messages_py[0m
[  0%] Built target sensor_msgs_generate_messages_py
[35m[1mScanning dependencies of target _sick_scan_generate_messages_check_deps_RadarScan[0m
[  0%] Built target _sick_scan_generate_messages_check_deps_RadarScan
[35m[1mScanning dependencies of target std_msgs_generate_messages_py[0m
[  0%] Built target std_msgs_generate_messages_py
[35m[1mScanning dependencies of target _sick_scan_generate_messages_check_deps_RadarPreHeaderMeasurementParam1Block[0m
[  0%] Built target _sick_scan_generate_messages_check_deps_RadarPreHeaderMeasurementParam1Block
[35m[1mScanning dependencies of target _sick_scan_generate_messages_check_deps_RadarPreHeaderDeviceBlock[0m
[  0%] Built target _sick_scan_generate_messages_check_deps_RadarPreHeaderDeviceBlock
[35m[1mScanning dependencies of target std_msgs_generate_messages_eus[0m
[  0%] Built target std_msgs_generate_messages_eus
[35m[1mScanning dependencies of target geometry_msgs_generate_messages_eus[0m
[  0%] Built target geometry_msgs_generate_messages_eus
[35m[1mScanning dependencies of target sensor_msgs_generate_messages_eus[0m
[  0%] Built target sensor_msgs_generate_messages_eus
[35m[1mScanning dependencies of target geometry_msgs_generate_messages_cpp[0m
[  0%] Built target geometry_msgs_generate_messages_cpp
[35m[1mScanning dependencies of target std_msgs_generate_messages_cpp[0m
[  0%] Built target std_msgs_generate_messages_cpp
[35m[1mScanning dependencies of target sensor_msgs_generate_messages_cpp[0m
[  0%] Built target sensor_msgs_generate_messages_cpp
[35m[1mScanning dependencies of target dynamic_reconfigure_generate_messages_nodejs[0m
[  0%] Built target dynamic_reconfigure_generate_messages_nodejs
[35m[1mScanning dependencies of target visualization_msgs_generate_messages_cpp[0m
[  0%] Built target visualization_msgs_generate_messages_cpp
[35m[1mScanning dependencies of target dynamic_reconfigure_gencfg[0m
[  0%] Built target dynamic_reconfigure_gencfg
[35m[1mScanning dependencies of target diagnostic_msgs_generate_messages_py[0m
[  0%] Built target diagnostic_msgs_generate_messages_py
[35m[1mScanning dependencies of target tf_generate_messages_lisp[0m
[  0%] Built target tf_generate_messages_lisp
[35m[1mScanning dependencies of target diagnostic_msgs_generate_messages_nodejs[0m
[  0%] Built target diagnostic_msgs_generate_messages_nodejs
[35m[1mScanning dependencies of target diagnostic_msgs_generate_messages_cpp[0m
[  0%] Built target diagnostic_msgs_generate_messages_cpp
[35m[1mScanning dependencies of target std_msgs_generate_messages_nodejs[0m
[  0%] Built target std_msgs_generate_messages_nodejs
[35m[1mScanning dependencies of target rosgraph_msgs_generate_messages_py[0m
[  0%] Built target rosgraph_msgs_generate_messages_py
[35m[1mScanning dependencies of target actionlib_generate_messages_cpp[0m
[  0%] Built target actionlib_generate_messages_cpp
[35m[1mScanning dependencies of target visualization_msgs_generate_messages_py[0m
[  0%] Built target visualization_msgs_generate_messages_py
[35m[1mScanning dependencies of target roscpp_generate_messages_py[0m
[  0%] Built target roscpp_generate_messages_py
[35m[1mScanning dependencies of target sick_scan_gencfg[0m
[  1%] [34m[1mGenerating dynamic reconfigure files from cfg/SickScan.cfg: /home/blackbox/catkin_ws/devel/.private/sick_scan/include/sick_scan/SickScanConfig.h /home/blackbox/catkin_ws/devel/.private/sick_scan/lib/python2.7/dist-packages/sick_scan/cfg/SickScanConfig.py[0m
Generating reconfiguration files for SickScan in sick_scan
Wrote header file in /home/blackbox/catkin_ws/devel/.private/sick_scan/include/sick_scan/SickScanConfig.h
[  1%] Built target sick_scan_gencfg
[35m[1mScanning dependencies of target geometry_msgs_generate_messages_nodejs[0m
[  1%] Built target geometry_msgs_generate_messages_nodejs
[35m[1mScanning dependencies of target roscpp_generate_messages_cpp[0m
[  1%] Built target roscpp_generate_messages_cpp
[35m[1mScanning dependencies of target visualization_msgs_generate_messages_lisp[0m
[  1%] Built target visualization_msgs_generate_messages_lisp
[35m[1mScanning dependencies of target dynamic_reconfigure_generate_messages_cpp[0m
[  1%] Built target dynamic_reconfigure_generate_messages_cpp
[35m[1mScanning dependencies of target roscpp_generate_messages_eus[0m
[  1%] Built target roscpp_generate_messages_eus
[35m[1mScanning dependencies of target diagnostic_msgs_generate_messages_lisp[0m
[  1%] Built target diagnostic_msgs_generate_messages_lisp
[35m[1mScanning dependencies of target bond_generate_messages_eus[0m
[  1%] Built target bond_generate_messages_eus
[35m[1mScanning dependencies of target geometry_msgs_generate_messages_lisp[0m
[  1%] Built target geometry_msgs_generate_messages_lisp
[35m[1mScanning dependencies of target bond_generate_messages_py[0m
[  1%] Built target bond_generate_messages_py
[35m[1mScanning dependencies of target std_srvs_generate_messages_lisp[0m
[  1%] Built target std_srvs_generate_messages_lisp
[35m[1mScanning dependencies of target std_msgs_generate_messages_lisp[0m
[  1%] Built target std_msgs_generate_messages_lisp
[35m[1mScanning dependencies of target nodelet_generate_messages_py[0m
[  1%] Built target nodelet_generate_messages_py
[35m[1mScanning dependencies of target diagnostic_msgs_generate_messages_eus[0m
[  1%] Built target diagnostic_msgs_generate_messages_eus
[35m[1mScanning dependencies of target rosgraph_msgs_generate_messages_cpp[0m
[  1%] Built target rosgraph_msgs_generate_messages_cpp
[35m[1mScanning dependencies of target pcl_msgs_generate_messages_eus[0m
[  1%] Built target pcl_msgs_generate_messages_eus
[35m[1mScanning dependencies of target std_srvs_generate_messages_eus[0m
[  1%] Built target std_srvs_generate_messages_eus
[35m[1mScanning dependencies of target tf_generate_messages_cpp[0m
[  1%] Built target tf_generate_messages_cpp
[35m[1mScanning dependencies of target sensor_msgs_generate_messages_nodejs[0m
[  1%] Built target sensor_msgs_generate_messages_nodejs
[35m[1mScanning dependencies of target actionlib_generate_messages_nodejs[0m
[  1%] Built target actionlib_generate_messages_nodejs
[35m[1mScanning dependencies of target actionlib_msgs_generate_messages_cpp[0m
[  1%] Built target actionlib_msgs_generate_messages_cpp
[35m[1mScanning dependencies of target rosgraph_msgs_generate_messages_nodejs[0m
[  1%] Built target rosgraph_msgs_generate_messages_nodejs
[35m[1mScanning dependencies of target roscpp_generate_messages_nodejs[0m
[  1%] Built target roscpp_generate_messages_nodejs
[35m[1mScanning dependencies of target pcl_msgs_generate_messages_nodejs[0m
[  1%] Built target pcl_msgs_generate_messages_nodejs
[35m[1mScanning dependencies of target std_srvs_generate_messages_nodejs[0m
[  1%] Built target std_srvs_generate_messages_nodejs
[35m[1mScanning dependencies of target rosgraph_msgs_generate_messages_lisp[0m
[  1%] Built target rosgraph_msgs_generate_messages_lisp
[35m[1mScanning dependencies of target rosgraph_msgs_generate_messages_eus[0m
[  1%] Built target rosgraph_msgs_generate_messages_eus
[35m[1mScanning dependencies of target dynamic_reconfigure_generate_messages_lisp[0m
[  1%] Built target dynamic_reconfigure_generate_messages_lisp
[35m[1mScanning dependencies of target sensor_msgs_generate_messages_lisp[0m
[  1%] Built target sensor_msgs_generate_messages_lisp
[35m[1mScanning dependencies of target roscpp_generate_messages_lisp[0m
[  1%] Built target roscpp_generate_messages_lisp
[35m[1mScanning dependencies of target tf_generate_messages_nodejs[0m
[  1%] Built target tf_generate_messages_nodejs
[35m[1mScanning dependencies of target std_srvs_generate_messages_py[0m
[  1%] Built target std_srvs_generate_messages_py
[35m[1mScanning dependencies of target sick_scan_generate_messages_nodejs[0m
[  2%] [34m[1mGenerating Javascript code from sick_scan/RadarPreHeaderStatusBlock.msg[0m
[  4%] [34m[1mGenerating Javascript code from sick_scan/RadarScan.msg[0m
[  5%] [34m[1mGenerating Javascript code from sick_scan/RadarPreHeaderEncoderBlock.msg[0m
[  7%] [34m[1mGenerating Javascript code from sick_scan/RadarPreHeaderDeviceBlock.msg[0m
[  8%] [34m[1mGenerating Javascript code from sick_scan/RadarPreHeader.msg[0m
[ 10%] [34m[1mGenerating Javascript code from sick_scan/RadarObject.msg[0m
[ 11%] [34m[1mGenerating Javascript code from sick_scan/RadarPreHeaderMeasurementParam1Block.msg[0m
[ 11%] Built target sick_scan_generate_messages_nodejs
[35m[1mScanning dependencies of target visualization_msgs_generate_messages_nodejs[0m
[ 11%] Built target visualization_msgs_generate_messages_nodejs
[35m[1mScanning dependencies of target pcl_msgs_generate_messages_lisp[0m
[ 11%] Built target pcl_msgs_generate_messages_lisp
[35m[1mScanning dependencies of target nodelet_generate_messages_cpp[0m
[ 11%] Built target nodelet_generate_messages_cpp
[35m[1mScanning dependencies of target pcl_ros_gencfg[0m
[ 11%] Built target pcl_ros_gencfg
[35m[1mScanning dependencies of target tf2_msgs_generate_messages_eus[0m
[ 11%] Built target tf2_msgs_generate_messages_eus
[35m[1mScanning dependencies of target visualization_msgs_generate_messages_eus[0m
[ 11%] Built target visualization_msgs_generate_messages_eus
[35m[1mScanning dependencies of target dynamic_reconfigure_generate_messages_eus[0m
[ 11%] Built target dynamic_reconfigure_generate_messages_eus
[35m[1mScanning dependencies of target pcl_msgs_generate_messages_py[0m
[ 11%] Built target pcl_msgs_generate_messages_py
[35m[1mScanning dependencies of target bond_generate_messages_nodejs[0m
[ 11%] Built target bond_generate_messages_nodejs
[35m[1mScanning dependencies of target tf2_msgs_generate_messages_nodejs[0m
[ 11%] Built target tf2_msgs_generate_messages_nodejs
[35m[1mScanning dependencies of target nodelet_generate_messages_lisp[0m
[ 11%] Built target nodelet_generate_messages_lisp
[35m[1mScanning dependencies of target nodelet_generate_messages_nodejs[0m
[ 11%] Built target nodelet_generate_messages_nodejs
[35m[1mScanning dependencies of target bond_generate_messages_cpp[0m
[ 11%] Built target bond_generate_messages_cpp
[35m[1mScanning dependencies of target bond_generate_messages_lisp[0m
[ 11%] Built target bond_generate_messages_lisp
[35m[1mScanning dependencies of target nodelet_generate_messages_eus[0m
[ 11%] Built target nodelet_generate_messages_eus
[35m[1mScanning dependencies of target topic_tools_generate_messages_cpp[0m
[ 11%] Built target topic_tools_generate_messages_cpp
[35m[1mScanning dependencies of target topic_tools_generate_messages_eus[0m
[ 11%] Built target topic_tools_generate_messages_eus
[35m[1mScanning dependencies of target nodelet_topic_tools_gencfg[0m
[ 11%] Built target nodelet_topic_tools_gencfg
[35m[1mScanning dependencies of target pcl_msgs_generate_messages_cpp[0m
[ 11%] Built target pcl_msgs_generate_messages_cpp
[35m[1mScanning dependencies of target std_srvs_generate_messages_cpp[0m
[ 11%] Built target std_srvs_generate_messages_cpp
[35m[1mScanning dependencies of target topic_tools_generate_messages_lisp[0m
[ 11%] Built target topic_tools_generate_messages_lisp
[35m[1mScanning dependencies of target topic_tools_generate_messages_nodejs[0m
[ 11%] Built target topic_tools_generate_messages_nodejs
[35m[1mScanning dependencies of target topic_tools_generate_messages_py[0m
[ 11%] Built target topic_tools_generate_messages_py
[35m[1mScanning dependencies of target actionlib_msgs_generate_messages_nodejs[0m
[ 11%] Built target actionlib_msgs_generate_messages_nodejs
[35m[1mScanning dependencies of target tf2_msgs_generate_messages_py[0m
[ 11%] Built target tf2_msgs_generate_messages_py
[35m[1mScanning dependencies of target tf_generate_messages_eus[0m
[ 11%] Built target tf_generate_messages_eus
[35m[1mScanning dependencies of target tf_generate_messages_py[0m
[ 11%] Built target tf_generate_messages_py
[35m[1mScanning dependencies of target actionlib_generate_messages_eus[0m
[ 11%] Built target actionlib_generate_messages_eus
[35m[1mScanning dependencies of target actionlib_generate_messages_lisp[0m
[ 11%] Built target actionlib_generate_messages_lisp
[35m[1mScanning dependencies of target actionlib_msgs_generate_messages_eus[0m
[ 11%] Built target actionlib_msgs_generate_messages_eus
[35m[1mScanning dependencies of target dynamic_reconfigure_generate_messages_py[0m
[ 11%] Built target dynamic_reconfigure_generate_messages_py
[35m[1mScanning dependencies of target actionlib_generate_messages_py[0m
[ 11%] Built target actionlib_generate_messages_py
[35m[1mScanning dependencies of target actionlib_msgs_generate_messages_lisp[0m
[ 11%] Built target actionlib_msgs_generate_messages_lisp
[35m[1mScanning dependencies of target actionlib_msgs_generate_messages_py[0m
[ 11%] Built target actionlib_msgs_generate_messages_py
[35m[1mScanning dependencies of target tf2_msgs_generate_messages_cpp[0m
[ 11%] Built target tf2_msgs_generate_messages_cpp
[35m[1mScanning dependencies of target pcl_converter[0m
[ 13%] [32mBuilding CXX object CMakeFiles/pcl_converter.dir/tools/pcl_converter/src/pcl_converter.cpp.o[0m
[ 14%] [32mBuilding CXX object CMakeFiles/pcl_converter.dir/tools/pcl_converter/src/gnuplotPaletteReader.cpp.o[0m
[ 15%] [32m[1mLinking CXX executable /home/blackbox/catkin_ws/devel/.private/sick_scan/lib/sick_scan/pcl_converter[0m
[ 15%] Built target pcl_converter
[35m[1mScanning dependencies of target sick_scan_generate_messages_py[0m
[ 17%] [34m[1mGenerating Python from MSG sick_scan/RadarPreHeaderStatusBlock[0m
[ 18%] [34m[1mGenerating Python from MSG sick_scan/RadarScan[0m
[ 20%] [34m[1mGenerating Python from MSG sick_scan/RadarPreHeaderEncoderBlock[0m
[ 21%] [34m[1mGenerating Python from MSG sick_scan/RadarPreHeaderDeviceBlock[0m
[ 23%] [34m[1mGenerating Python from MSG sick_scan/RadarPreHeader[0m
[ 24%] [34m[1mGenerating Python from MSG sick_scan/RadarObject[0m
[ 26%] [34m[1mGenerating Python from MSG sick_scan/RadarPreHeaderMeasurementParam1Block[0m
[ 27%] [34m[1mGenerating Python msg __init__.py for sick_scan[0m
[ 27%] Built target sick_scan_generate_messages_py
[35m[1mScanning dependencies of target sick_scan_generate_messages_eus[0m
[ 28%] [34m[1mGenerating EusLisp code from sick_scan/RadarPreHeaderStatusBlock.msg[0m
[ 30%] [34m[1mGenerating EusLisp code from sick_scan/RadarScan.msg[0m
[ 31%] [34m[1mGenerating EusLisp code from sick_scan/RadarPreHeaderEncoderBlock.msg[0m
[ 33%] [34m[1mGenerating EusLisp code from sick_scan/RadarPreHeaderDeviceBlock.msg[0m
[ 34%] [34m[1mGenerating EusLisp code from sick_scan/RadarPreHeader.msg[0m
[ 36%] [34m[1mGenerating EusLisp code from sick_scan/RadarObject.msg[0m
[ 37%] [34m[1mGenerating EusLisp code from sick_scan/RadarPreHeaderMeasurementParam1Block.msg[0m
[ 39%] [34m[1mGenerating EusLisp manifest code for sick_scan[0m
[ 39%] Built target sick_scan_generate_messages_eus
[35m[1mScanning dependencies of target sick_scan_generate_messages_cpp[0m
[ 40%] [34m[1mGenerating C++ code from sick_scan/RadarPreHeaderStatusBlock.msg[0m
[ 42%] [34m[1mGenerating C++ code from sick_scan/RadarScan.msg[0m
[ 43%] [34m[1mGenerating C++ code from sick_scan/RadarPreHeaderEncoderBlock.msg[0m
[ 44%] [34m[1mGenerating C++ code from sick_scan/RadarPreHeaderDeviceBlock.msg[0m
[ 46%] [34m[1mGenerating C++ code from sick_scan/RadarPreHeader.msg[0m
[ 47%] [34m[1mGenerating C++ code from sick_scan/RadarObject.msg[0m
[ 49%] [34m[1mGenerating C++ code from sick_scan/RadarPreHeaderMeasurementParam1Block.msg[0m
[35m[1mScanning dependencies of target sick_scan_generate_messages_lisp[0m
[ 50%] [34m[1mGenerating Lisp code from sick_scan/RadarPreHeaderStatusBlock.msg[0m
[ 52%] [34m[1mGenerating Lisp code from sick_scan/RadarScan.msg[0m
[ 52%] Built target sick_scan_generate_messages_cpp
[ 53%] [34m[1mGenerating Lisp code from sick_scan/RadarPreHeaderEncoderBlock.msg[0m
[ 55%] [34m[1mGenerating Lisp code from sick_scan/RadarPreHeaderDeviceBlock.msg[0m
[ 56%] [34m[1mGenerating Lisp code from sick_scan/RadarPreHeader.msg[0m
[ 57%] [34m[1mGenerating Lisp code from sick_scan/RadarObject.msg[0m
[ 59%] [34m[1mGenerating Lisp code from sick_scan/RadarPreHeaderMeasurementParam1Block.msg[0m
[ 59%] Built target sick_scan_generate_messages_lisp
[35m[1mScanning dependencies of target sick_scan_generate_messages[0m
[35m[1mScanning dependencies of target sick_scan_lib[0m
[ 59%] Built target sick_scan_generate_messages
[ 60%] [32mBuilding CXX object CMakeFiles/sick_scan_lib.dir/driver/src/sick_scan_common.cpp.o[0m
[ 62%] [32mBuilding CXX object CMakeFiles/sick_scan_lib.dir/driver/src/abstract_parser.cpp.o[0m
[ 63%] [32mBuilding CXX object CMakeFiles/sick_scan_lib.dir/driver/src/tcp/tcp.cpp.o[0m
[ 65%] [32mBuilding CXX object CMakeFiles/sick_scan_lib.dir/driver/src/tcp/Mutex.cpp.o[0m
[ 66%] [32mBuilding CXX object CMakeFiles/sick_scan_lib.dir/driver/src/tcp/SickThread.cpp.o[0m
[ 68%] [32mBuilding CXX object CMakeFiles/sick_scan_lib.dir/driver/src/tcp/errorhandler.cpp.o[0m
[ 69%] [32mBuilding CXX object CMakeFiles/sick_scan_lib.dir/driver/src/tcp/toolbox.cpp.o[0m
[ 71%] [32mBuilding CXX object CMakeFiles/sick_scan_lib.dir/driver/src/tcp/Time.cpp.o[0m
[ 72%] [32mBuilding CXX object CMakeFiles/sick_scan_lib.dir/driver/src/tcp/colaa.cpp.o[0m
[ 73%] [32mBuilding CXX object CMakeFiles/sick_scan_lib.dir/driver/src/tcp/colab.cpp.o[0m
[ 75%] [32mBuilding CXX object CMakeFiles/sick_scan_lib.dir/driver/src/binScanf.cpp.o[0m
[ 76%] [32mBuilding CXX object CMakeFiles/sick_scan_lib.dir/driver/src/sick_scan_common_tcp.cpp.o[0m
[ 78%] [32mBuilding CXX object CMakeFiles/sick_scan_lib.dir/driver/src/sick_generic_radar.cpp.o[0m
[ 79%] [32mBuilding CXX object CMakeFiles/sick_scan_lib.dir/driver/src/sick_generic_parser.cpp.o[0m
[ 81%] [32mBuilding CXX object CMakeFiles/sick_scan_lib.dir/driver/src/sick_scan_common_nw.cpp.o[0m
[ 82%] [32m[1mLinking CXX shared library /home/blackbox/catkin_ws/devel/.private/sick_scan/lib/libsick_scan_lib.so[0m
[ 82%] Built target sick_scan_lib
[35m[1mScanning dependencies of target sick_generic_caller[0m
[35m[1mScanning dependencies of target radar_object_marker[0m
[35m[1mScanning dependencies of target sick_scan_test[0m
[ 84%] [32mBuilding CXX object CMakeFiles/sick_generic_caller.dir/driver/src/sick_generic_caller.cpp.o[0m
[ 85%] [32mBuilding CXX object CMakeFiles/sick_generic_caller.dir/driver/src/sick_generic_laser.cpp.o[0m
[ 86%] [32mBuilding CXX object CMakeFiles/sick_scan_test.dir/test/src/sick_scan_test.cpp.o[0m
[ 88%] [32mBuilding CXX object CMakeFiles/radar_object_marker.dir/tools/radar_object_marker/src/radar_object_marker.cpp.o[0m
[ 89%] [32mBuilding CXX object CMakeFiles/radar_object_marker.dir/tools/pcl_converter/src/gnuplotPaletteReader.cpp.o[0m
[ 91%] [32m[1mLinking CXX executable /home/blackbox/catkin_ws/devel/.private/sick_scan/lib/sick_scan/radar_object_marker[0m
[ 92%] [32mBuilding CXX object CMakeFiles/sick_scan_test.dir/driver/src/tinyxml/tinystr.cpp.o[0m
[ 94%] [32m[1mLinking CXX executable /home/blackbox/catkin_ws/devel/.private/sick_scan/lib/sick_scan/sick_generic_caller[0m
[ 95%] [32mBuilding CXX object CMakeFiles/sick_scan_test.dir/driver/src/tinyxml/tinyxml.cpp.o[0m
[ 97%] [32mBuilding CXX object CMakeFiles/sick_scan_test.dir/driver/src/tinyxml/tinyxmlerror.cpp.o[0m
[ 98%] [32mBuilding CXX object CMakeFiles/sick_scan_test.dir/driver/src/tinyxml/tinyxmlparser.cpp.o[0m
[ 98%] Built target radar_object_marker
[ 98%] Built target sick_generic_caller
[100%] [32m[1mLinking CXX executable /home/blackbox/catkin_ws/devel/.private/sick_scan/lib/sick_scan/sick_scan_test[0m
[100%] Built target sick_scan_test
