Linked: (/home/blackbox/catkin_ws/devel/.private/sick_scan/lib/libsick_scan_lib.so, /home/blackbox/catkin_ws/devel/lib/libsick_scan_lib.so)
Linked: (/home/blackbox/catkin_ws/devel/.private/sick_scan/lib/sick_scan/sick_scan_test, /home/blackbox/catkin_ws/devel/lib/sick_scan/sick_scan_test)
Linked: (/home/blackbox/catkin_ws/devel/.private/sick_scan/lib/sick_scan/pcl_converter, /home/blackbox/catkin_ws/devel/lib/sick_scan/pcl_converter)
Linked: (/home/blackbox/catkin_ws/devel/.private/sick_scan/lib/sick_scan/sick_generic_caller, /home/blackbox/catkin_ws/devel/lib/sick_scan/sick_generic_caller)
Linked: (/home/blackbox/catkin_ws/devel/.private/sick_scan/lib/sick_scan/radar_object_marker, /home/blackbox/catkin_ws/devel/lib/sick_scan/radar_object_marker)
Linked: (/home/blackbox/catkin_ws/devel/.private/sick_scan/lib/pkgconfig/sick_scan.pc, /home/blackbox/catkin_ws/devel/lib/pkgconfig/sick_scan.pc)
Linked: (/home/blackbox/catkin_ws/devel/.private/sick_scan/lib/python2.7/dist-packages/sick_scan/__init__.py, /home/blackbox/catkin_ws/devel/lib/python2.7/dist-packages/sick_scan/__init__.py)
Linked: (/home/blackbox/catkin_ws/devel/.private/sick_scan/lib/python2.7/dist-packages/sick_scan/cfg/SickScanConfig.py, /home/blackbox/catkin_ws/devel/lib/python2.7/dist-packages/sick_scan/cfg/SickScanConfig.py)
Linked: (/home/blackbox/catkin_ws/devel/.private/sick_scan/lib/python2.7/dist-packages/sick_scan/cfg/__init__.py, /home/blackbox/catkin_ws/devel/lib/python2.7/dist-packages/sick_scan/cfg/__init__.py)
Linked: (/home/blackbox/catkin_ws/devel/.private/sick_scan/lib/python2.7/dist-packages/sick_scan/msg/_RadarPreHeaderMeasurementParam1Block.py, /home/blackbox/catkin_ws/devel/lib/python2.7/dist-packages/sick_scan/msg/_RadarPreHeaderMeasurementParam1Block.py)
Linked: (/home/blackbox/catkin_ws/devel/.private/sick_scan/lib/python2.7/dist-packages/sick_scan/msg/_RadarPreHeaderStatusBlock.py, /home/blackbox/catkin_ws/devel/lib/python2.7/dist-packages/sick_scan/msg/_RadarPreHeaderStatusBlock.py)
Linked: (/home/blackbox/catkin_ws/devel/.private/sick_scan/lib/python2.7/dist-packages/sick_scan/msg/_RadarObject.py, /home/blackbox/catkin_ws/devel/lib/python2.7/dist-packages/sick_scan/msg/_RadarObject.py)
Linked: (/home/blackbox/catkin_ws/devel/.private/sick_scan/lib/python2.7/dist-packages/sick_scan/msg/_RadarPreHeader.py, /home/blackbox/catkin_ws/devel/lib/python2.7/dist-packages/sick_scan/msg/_RadarPreHeader.py)
Linked: (/home/blackbox/catkin_ws/devel/.private/sick_scan/lib/python2.7/dist-packages/sick_scan/msg/_RadarScan.py, /home/blackbox/catkin_ws/devel/lib/python2.7/dist-packages/sick_scan/msg/_RadarScan.py)
Linked: (/home/blackbox/catkin_ws/devel/.private/sick_scan/lib/python2.7/dist-packages/sick_scan/msg/_RadarPreHeaderDeviceBlock.py, /home/blackbox/catkin_ws/devel/lib/python2.7/dist-packages/sick_scan/msg/_RadarPreHeaderDeviceBlock.py)
Linked: (/home/blackbox/catkin_ws/devel/.private/sick_scan/lib/python2.7/dist-packages/sick_scan/msg/_RadarPreHeaderEncoderBlock.py, /home/blackbox/catkin_ws/devel/lib/python2.7/dist-packages/sick_scan/msg/_RadarPreHeaderEncoderBlock.py)
Linked: (/home/blackbox/catkin_ws/devel/.private/sick_scan/lib/python2.7/dist-packages/sick_scan/msg/__init__.py, /home/blackbox/catkin_ws/devel/lib/python2.7/dist-packages/sick_scan/msg/__init__.py)
Linked: (/home/blackbox/catkin_ws/devel/.private/sick_scan/include/sick_scan/RadarPreHeaderMeasurementParam1Block.h, /home/blackbox/catkin_ws/devel/include/sick_scan/RadarPreHeaderMeasurementParam1Block.h)
Linked: (/home/blackbox/catkin_ws/devel/.private/sick_scan/include/sick_scan/RadarScan.h, /home/blackbox/catkin_ws/devel/include/sick_scan/RadarScan.h)
Linked: (/home/blackbox/catkin_ws/devel/.private/sick_scan/include/sick_scan/RadarPreHeaderDeviceBlock.h, /home/blackbox/catkin_ws/devel/include/sick_scan/RadarPreHeaderDeviceBlock.h)
Linked: (/home/blackbox/catkin_ws/devel/.private/sick_scan/include/sick_scan/RadarPreHeader.h, /home/blackbox/catkin_ws/devel/include/sick_scan/RadarPreHeader.h)
Linked: (/home/blackbox/catkin_ws/devel/.private/sick_scan/include/sick_scan/SickScanConfig.h, /home/blackbox/catkin_ws/devel/include/sick_scan/SickScanConfig.h)
Linked: (/home/blackbox/catkin_ws/devel/.private/sick_scan/include/sick_scan/RadarPreHeaderStatusBlock.h, /home/blackbox/catkin_ws/devel/include/sick_scan/RadarPreHeaderStatusBlock.h)
Linked: (/home/blackbox/catkin_ws/devel/.private/sick_scan/include/sick_scan/RadarObject.h, /home/blackbox/catkin_ws/devel/include/sick_scan/RadarObject.h)
Linked: (/home/blackbox/catkin_ws/devel/.private/sick_scan/include/sick_scan/RadarPreHeaderEncoderBlock.h, /home/blackbox/catkin_ws/devel/include/sick_scan/RadarPreHeaderEncoderBlock.h)
Linked: (/home/blackbox/catkin_ws/devel/.private/sick_scan/share/sick_scan/cmake/sick_scan-msg-paths.cmake, /home/blackbox/catkin_ws/devel/share/sick_scan/cmake/sick_scan-msg-paths.cmake)
Linked: (/home/blackbox/catkin_ws/devel/.private/sick_scan/share/sick_scan/cmake/sick_scanConfig.cmake, /home/blackbox/catkin_ws/devel/share/sick_scan/cmake/sick_scanConfig.cmake)
Linked: (/home/blackbox/catkin_ws/devel/.private/sick_scan/share/sick_scan/cmake/sick_scanConfig-version.cmake, /home/blackbox/catkin_ws/devel/share/sick_scan/cmake/sick_scanConfig-version.cmake)
Linked: (/home/blackbox/catkin_ws/devel/.private/sick_scan/share/sick_scan/cmake/sick_scan-msg-extras.cmake, /home/blackbox/catkin_ws/devel/share/sick_scan/cmake/sick_scan-msg-extras.cmake)
Linked: (/home/blackbox/catkin_ws/devel/.private/sick_scan/share/sick_scan/docs/SickScanConfig.dox, /home/blackbox/catkin_ws/devel/share/sick_scan/docs/SickScanConfig.dox)
Linked: (/home/blackbox/catkin_ws/devel/.private/sick_scan/share/sick_scan/docs/SickScanConfig-usage.dox, /home/blackbox/catkin_ws/devel/share/sick_scan/docs/SickScanConfig-usage.dox)
Linked: (/home/blackbox/catkin_ws/devel/.private/sick_scan/share/sick_scan/docs/SickScanConfig.wikidoc, /home/blackbox/catkin_ws/devel/share/sick_scan/docs/SickScanConfig.wikidoc)
Linked: (/home/blackbox/catkin_ws/devel/.private/sick_scan/share/gennodejs/ros/sick_scan/_index.js, /home/blackbox/catkin_ws/devel/share/gennodejs/ros/sick_scan/_index.js)
Linked: (/home/blackbox/catkin_ws/devel/.private/sick_scan/share/gennodejs/ros/sick_scan/msg/RadarPreHeaderMeasurementParam1Block.js, /home/blackbox/catkin_ws/devel/share/gennodejs/ros/sick_scan/msg/RadarPreHeaderMeasurementParam1Block.js)
Linked: (/home/blackbox/catkin_ws/devel/.private/sick_scan/share/gennodejs/ros/sick_scan/msg/RadarScan.js, /home/blackbox/catkin_ws/devel/share/gennodejs/ros/sick_scan/msg/RadarScan.js)
Linked: (/home/blackbox/catkin_ws/devel/.private/sick_scan/share/gennodejs/ros/sick_scan/msg/_index.js, /home/blackbox/catkin_ws/devel/share/gennodejs/ros/sick_scan/msg/_index.js)
Linked: (/home/blackbox/catkin_ws/devel/.private/sick_scan/share/gennodejs/ros/sick_scan/msg/RadarPreHeaderEncoderBlock.js, /home/blackbox/catkin_ws/devel/share/gennodejs/ros/sick_scan/msg/RadarPreHeaderEncoderBlock.js)
Linked: (/home/blackbox/catkin_ws/devel/.private/sick_scan/share/gennodejs/ros/sick_scan/msg/RadarPreHeaderStatusBlock.js, /home/blackbox/catkin_ws/devel/share/gennodejs/ros/sick_scan/msg/RadarPreHeaderStatusBlock.js)
Linked: (/home/blackbox/catkin_ws/devel/.private/sick_scan/share/gennodejs/ros/sick_scan/msg/RadarPreHeaderDeviceBlock.js, /home/blackbox/catkin_ws/devel/share/gennodejs/ros/sick_scan/msg/RadarPreHeaderDeviceBlock.js)
Linked: (/home/blackbox/catkin_ws/devel/.private/sick_scan/share/gennodejs/ros/sick_scan/msg/RadarObject.js, /home/blackbox/catkin_ws/devel/share/gennodejs/ros/sick_scan/msg/RadarObject.js)
Linked: (/home/blackbox/catkin_ws/devel/.private/sick_scan/share/gennodejs/ros/sick_scan/msg/RadarPreHeader.js, /home/blackbox/catkin_ws/devel/share/gennodejs/ros/sick_scan/msg/RadarPreHeader.js)
Linked: (/home/blackbox/catkin_ws/devel/.private/sick_scan/share/roseus/ros/sick_scan/manifest.l, /home/blackbox/catkin_ws/devel/share/roseus/ros/sick_scan/manifest.l)
Linked: (/home/blackbox/catkin_ws/devel/.private/sick_scan/share/roseus/ros/sick_scan/msg/RadarPreHeaderStatusBlock.l, /home/blackbox/catkin_ws/devel/share/roseus/ros/sick_scan/msg/RadarPreHeaderStatusBlock.l)
Linked: (/home/blackbox/catkin_ws/devel/.private/sick_scan/share/roseus/ros/sick_scan/msg/RadarPreHeaderDeviceBlock.l, /home/blackbox/catkin_ws/devel/share/roseus/ros/sick_scan/msg/RadarPreHeaderDeviceBlock.l)
Linked: (/home/blackbox/catkin_ws/devel/.private/sick_scan/share/roseus/ros/sick_scan/msg/RadarPreHeaderEncoderBlock.l, /home/blackbox/catkin_ws/devel/share/roseus/ros/sick_scan/msg/RadarPreHeaderEncoderBlock.l)
Linked: (/home/blackbox/catkin_ws/devel/.private/sick_scan/share/roseus/ros/sick_scan/msg/RadarObject.l, /home/blackbox/catkin_ws/devel/share/roseus/ros/sick_scan/msg/RadarObject.l)
Linked: (/home/blackbox/catkin_ws/devel/.private/sick_scan/share/roseus/ros/sick_scan/msg/RadarPreHeader.l, /home/blackbox/catkin_ws/devel/share/roseus/ros/sick_scan/msg/RadarPreHeader.l)
Linked: (/home/blackbox/catkin_ws/devel/.private/sick_scan/share/roseus/ros/sick_scan/msg/RadarScan.l, /home/blackbox/catkin_ws/devel/share/roseus/ros/sick_scan/msg/RadarScan.l)
Linked: (/home/blackbox/catkin_ws/devel/.private/sick_scan/share/roseus/ros/sick_scan/msg/RadarPreHeaderMeasurementParam1Block.l, /home/blackbox/catkin_ws/devel/share/roseus/ros/sick_scan/msg/RadarPreHeaderMeasurementParam1Block.l)
Linked: (/home/blackbox/catkin_ws/devel/.private/sick_scan/share/common-lisp/ros/sick_scan/msg/_package_RadarPreHeaderDeviceBlock.lisp, /home/blackbox/catkin_ws/devel/share/common-lisp/ros/sick_scan/msg/_package_RadarPreHeaderDeviceBlock.lisp)
Linked: (/home/blackbox/catkin_ws/devel/.private/sick_scan/share/common-lisp/ros/sick_scan/msg/_package_RadarScan.lisp, /home/blackbox/catkin_ws/devel/share/common-lisp/ros/sick_scan/msg/_package_RadarScan.lisp)
Linked: (/home/blackbox/catkin_ws/devel/.private/sick_scan/share/common-lisp/ros/sick_scan/msg/RadarPreHeaderMeasurementParam1Block.lisp, /home/blackbox/catkin_ws/devel/share/common-lisp/ros/sick_scan/msg/RadarPreHeaderMeasurementParam1Block.lisp)
Linked: (/home/blackbox/catkin_ws/devel/.private/sick_scan/share/common-lisp/ros/sick_scan/msg/_package_RadarPreHeader.lisp, /home/blackbox/catkin_ws/devel/share/common-lisp/ros/sick_scan/msg/_package_RadarPreHeader.lisp)
Linked: (/home/blackbox/catkin_ws/devel/.private/sick_scan/share/common-lisp/ros/sick_scan/msg/RadarPreHeader.lisp, /home/blackbox/catkin_ws/devel/share/common-lisp/ros/sick_scan/msg/RadarPreHeader.lisp)
Linked: (/home/blackbox/catkin_ws/devel/.private/sick_scan/share/common-lisp/ros/sick_scan/msg/RadarScan.lisp, /home/blackbox/catkin_ws/devel/share/common-lisp/ros/sick_scan/msg/RadarScan.lisp)
Linked: (/home/blackbox/catkin_ws/devel/.private/sick_scan/share/common-lisp/ros/sick_scan/msg/_package_RadarObject.lisp, /home/blackbox/catkin_ws/devel/share/common-lisp/ros/sick_scan/msg/_package_RadarObject.lisp)
Linked: (/home/blackbox/catkin_ws/devel/.private/sick_scan/share/common-lisp/ros/sick_scan/msg/RadarObject.lisp, /home/blackbox/catkin_ws/devel/share/common-lisp/ros/sick_scan/msg/RadarObject.lisp)
Linked: (/home/blackbox/catkin_ws/devel/.private/sick_scan/share/common-lisp/ros/sick_scan/msg/_package.lisp, /home/blackbox/catkin_ws/devel/share/common-lisp/ros/sick_scan/msg/_package.lisp)
Linked: (/home/blackbox/catkin_ws/devel/.private/sick_scan/share/common-lisp/ros/sick_scan/msg/RadarPreHeaderDeviceBlock.lisp, /home/blackbox/catkin_ws/devel/share/common-lisp/ros/sick_scan/msg/RadarPreHeaderDeviceBlock.lisp)
Linked: (/home/blackbox/catkin_ws/devel/.private/sick_scan/share/common-lisp/ros/sick_scan/msg/RadarPreHeaderStatusBlock.lisp, /home/blackbox/catkin_ws/devel/share/common-lisp/ros/sick_scan/msg/RadarPreHeaderStatusBlock.lisp)
Linked: (/home/blackbox/catkin_ws/devel/.private/sick_scan/share/common-lisp/ros/sick_scan/msg/RadarPreHeaderEncoderBlock.lisp, /home/blackbox/catkin_ws/devel/share/common-lisp/ros/sick_scan/msg/RadarPreHeaderEncoderBlock.lisp)
Linked: (/home/blackbox/catkin_ws/devel/.private/sick_scan/share/common-lisp/ros/sick_scan/msg/sick_scan-msg.asd, /home/blackbox/catkin_ws/devel/share/common-lisp/ros/sick_scan/msg/sick_scan-msg.asd)
Linked: (/home/blackbox/catkin_ws/devel/.private/sick_scan/share/common-lisp/ros/sick_scan/msg/_package_RadarPreHeaderStatusBlock.lisp, /home/blackbox/catkin_ws/devel/share/common-lisp/ros/sick_scan/msg/_package_RadarPreHeaderStatusBlock.lisp)
Linked: (/home/blackbox/catkin_ws/devel/.private/sick_scan/share/common-lisp/ros/sick_scan/msg/_package_RadarPreHeaderMeasurementParam1Block.lisp, /home/blackbox/catkin_ws/devel/share/common-lisp/ros/sick_scan/msg/_package_RadarPreHeaderMeasurementParam1Block.lisp)
Linked: (/home/blackbox/catkin_ws/devel/.private/sick_scan/share/common-lisp/ros/sick_scan/msg/_package_RadarPreHeaderEncoderBlock.lisp, /home/blackbox/catkin_ws/devel/share/common-lisp/ros/sick_scan/msg/_package_RadarPreHeaderEncoderBlock.lisp)
