[35m[1mScanning dependencies of target vncxx[0m
[  4%] [32mBuilding CXX object vnproglib-1.1/cpp/CMakeFiles/vncxx.dir/src/attitude.cpp.o[0m
[  8%] [32mBuilding CXX object vnproglib-1.1/cpp/CMakeFiles/vncxx.dir/src/compositedata.cpp.o[0m
[ 12%] [32mBuilding CXX object vnproglib-1.1/cpp/CMakeFiles/vncxx.dir/src/conversions.cpp.o[0m
[ 16%] [32mBuilding CXX object vnproglib-1.1/cpp/CMakeFiles/vncxx.dir/src/criticalsection.cpp.o[0m
[ 20%] [32mBuilding CXX object vnproglib-1.1/cpp/CMakeFiles/vncxx.dir/src/dllvalidator.cpp.o[0m
[ 25%] [32mBuilding CXX object vnproglib-1.1/cpp/CMakeFiles/vncxx.dir/src/error_detection.cpp.o[0m
[ 29%] [32mBuilding CXX object vnproglib-1.1/cpp/CMakeFiles/vncxx.dir/src/event.cpp.o[0m
[ 33%] [32mBuilding CXX object vnproglib-1.1/cpp/CMakeFiles/vncxx.dir/src/ezasyncdata.cpp.o[0m
[ 37%] [32mBuilding CXX object vnproglib-1.1/cpp/CMakeFiles/vncxx.dir/src/memoryport.cpp.o[0m
[ 41%] [32mBuilding CXX object vnproglib-1.1/cpp/CMakeFiles/vncxx.dir/src/packet.cpp.o[0m
[ 45%] [32mBuilding CXX object vnproglib-1.1/cpp/CMakeFiles/vncxx.dir/src/packetfinder.cpp.o[0m
[ 50%] [32mBuilding CXX object vnproglib-1.1/cpp/CMakeFiles/vncxx.dir/src/port.cpp.o[0m
[ 54%] [32mBuilding CXX object vnproglib-1.1/cpp/CMakeFiles/vncxx.dir/src/position.cpp.o[0m
[ 58%] [32mBuilding CXX object vnproglib-1.1/cpp/CMakeFiles/vncxx.dir/src/searcher.cpp.o[0m
[ 62%] [32mBuilding CXX object vnproglib-1.1/cpp/CMakeFiles/vncxx.dir/src/sensors.cpp.o[0m
[ 66%] [32mBuilding CXX object vnproglib-1.1/cpp/CMakeFiles/vncxx.dir/src/serialport.cpp.o[0m
[ 70%] [32mBuilding CXX object vnproglib-1.1/cpp/CMakeFiles/vncxx.dir/src/thread.cpp.o[0m
[ 75%] [32mBuilding CXX object vnproglib-1.1/cpp/CMakeFiles/vncxx.dir/src/types.cpp.o[0m
[ 79%] [32mBuilding CXX object vnproglib-1.1/cpp/CMakeFiles/vncxx.dir/src/util.cpp.o[0m
[ 83%] [32mBuilding CXX object vnproglib-1.1/cpp/CMakeFiles/vncxx.dir/src/utilities.cpp.o[0m
[ 87%] [32mBuilding CXX object vnproglib-1.1/cpp/CMakeFiles/vncxx.dir/src/vntime.cpp.o[0m
[ 91%] [32m[1mLinking CXX shared library /home/blackbox/catkin_ws/devel/.private/vectornav/lib/libvncxx.so[0m
[ 91%] Built target vncxx
[35m[1mScanning dependencies of target vnpub[0m
[ 95%] [32mBuilding CXX object CMakeFiles/vnpub.dir/src/main.cpp.o[0m
[100%] [32m[1mLinking CXX executable /home/blackbox/catkin_ws/devel/.private/vectornav/lib/vectornav/vnpub[0m
[100%] Built target vnpub
