Determining if the pthread_create exist failed with the following output:
Change Dir: /home/blackbox/catkin_ws/build/rosserial_xbee/CMakeFiles/CMakeTmp

Run Build Command:"/usr/bin/make" "cmTC_10291/fast"
/usr/bin/make -f CMakeFiles/cmTC_10291.dir/build.make CMakeFiles/cmTC_10291.dir/build
make[1]: Entering directory '/home/blackbox/catkin_ws/build/rosserial_xbee/CMakeFiles/CMakeTmp'
Building C object CMakeFiles/cmTC_10291.dir/CheckSymbolExists.c.o
/usr/bin/cc     -o CMakeFiles/cmTC_10291.dir/CheckSymbolExists.c.o   -c /home/blackbox/catkin_ws/build/rosserial_xbee/CMakeFiles/CMakeTmp/CheckSymbolExists.c
Linking C executable cmTC_10291
/usr/bin/cmake -E cmake_link_script CMakeFiles/cmTC_10291.dir/link.txt --verbose=1
/usr/bin/cc       CMakeFiles/cmTC_10291.dir/CheckSymbolExists.c.o  -o cmTC_10291 -rdynamic 
CMakeFiles/cmTC_10291.dir/CheckSymbolExists.c.o: In function `main':
CheckSymbolExists.c:(.text+0x16): undefined reference to `pthread_create'
collect2: error: ld returned 1 exit status
CMakeFiles/cmTC_10291.dir/build.make:97: recipe for target 'cmTC_10291' failed
make[1]: *** [cmTC_10291] Error 1
make[1]: Leaving directory '/home/blackbox/catkin_ws/build/rosserial_xbee/CMakeFiles/CMakeTmp'
Makefile:126: recipe for target 'cmTC_10291/fast' failed
make: *** [cmTC_10291/fast] Error 2

File /home/blackbox/catkin_ws/build/rosserial_xbee/CMakeFiles/CMakeTmp/CheckSymbolExists.c:
/* */
#include <pthread.h>

int main(int argc, char** argv)
{
  (void)argv;
#ifndef pthread_create
  return ((int*)(&pthread_create))[argc];
#else
  (void)argc;
  return 0;
#endif
}

Determining if the function pthread_create exists in the pthreads failed with the following output:
Change Dir: /home/blackbox/catkin_ws/build/rosserial_xbee/CMakeFiles/CMakeTmp

Run Build Command:"/usr/bin/make" "cmTC_526bb/fast"
/usr/bin/make -f CMakeFiles/cmTC_526bb.dir/build.make CMakeFiles/cmTC_526bb.dir/build
make[1]: Entering directory '/home/blackbox/catkin_ws/build/rosserial_xbee/CMakeFiles/CMakeTmp'
Building C object CMakeFiles/cmTC_526bb.dir/CheckFunctionExists.c.o
/usr/bin/cc    -DCHECK_FUNCTION_EXISTS=pthread_create   -o CMakeFiles/cmTC_526bb.dir/CheckFunctionExists.c.o   -c /usr/share/cmake-3.5/Modules/CheckFunctionExists.c
Linking C executable cmTC_526bb
/usr/bin/cmake -E cmake_link_script CMakeFiles/cmTC_526bb.dir/link.txt --verbose=1
/usr/bin/cc   -DCHECK_FUNCTION_EXISTS=pthread_create    CMakeFiles/cmTC_526bb.dir/CheckFunctionExists.c.o  -o cmTC_526bb -rdynamic -lpthreads 
/usr/bin/ld: cannot find -lpthreads
collect2: error: ld returned 1 exit status
CMakeFiles/cmTC_526bb.dir/build.make:97: recipe for target 'cmTC_526bb' failed
make[1]: *** [cmTC_526bb] Error 1
make[1]: Leaving directory '/home/blackbox/catkin_ws/build/rosserial_xbee/CMakeFiles/CMakeTmp'
Makefile:126: recipe for target 'cmTC_526bb/fast' failed
make: *** [cmTC_526bb/fast] Error 2


