Determining if the pthread_create exist failed with the following output:
Change Dir: /home/blackbox/catkin_ws/build/sick_scan/CMakeFiles/CMakeTmp

Run Build Command:"/usr/bin/make" "cmTC_516e5/fast"
/usr/bin/make -f CMakeFiles/cmTC_516e5.dir/build.make CMakeFiles/cmTC_516e5.dir/build
make[1]: Entering directory '/home/blackbox/catkin_ws/build/sick_scan/CMakeFiles/CMakeTmp'
Building C object CMakeFiles/cmTC_516e5.dir/CheckSymbolExists.c.o
/usr/bin/cc     -o CMakeFiles/cmTC_516e5.dir/CheckSymbolExists.c.o   -c /home/blackbox/catkin_ws/build/sick_scan/CMakeFiles/CMakeTmp/CheckSymbolExists.c
Linking C executable cmTC_516e5
/usr/bin/cmake -E cmake_link_script CMakeFiles/cmTC_516e5.dir/link.txt --verbose=1
/usr/bin/cc       CMakeFiles/cmTC_516e5.dir/CheckSymbolExists.c.o  -o cmTC_516e5 -rdynamic 
CMakeFiles/cmTC_516e5.dir/CheckSymbolExists.c.o: In function `main':
CheckSymbolExists.c:(.text+0x16): undefined reference to `pthread_create'
collect2: error: ld returned 1 exit status
CMakeFiles/cmTC_516e5.dir/build.make:97: recipe for target 'cmTC_516e5' failed
make[1]: *** [cmTC_516e5] Error 1
make[1]: Leaving directory '/home/blackbox/catkin_ws/build/sick_scan/CMakeFiles/CMakeTmp'
Makefile:126: recipe for target 'cmTC_516e5/fast' failed
make: *** [cmTC_516e5/fast] Error 2

File /home/blackbox/catkin_ws/build/sick_scan/CMakeFiles/CMakeTmp/CheckSymbolExists.c:
/* */
#include <pthread.h>

int main(int argc, char** argv)
{
  (void)argv;
#ifndef pthread_create
  return ((int*)(&pthread_create))[argc];
#else
  (void)argc;
  return 0;
#endif
}

Determining if the function pthread_create exists in the pthreads failed with the following output:
Change Dir: /home/blackbox/catkin_ws/build/sick_scan/CMakeFiles/CMakeTmp

Run Build Command:"/usr/bin/make" "cmTC_6e59d/fast"
/usr/bin/make -f CMakeFiles/cmTC_6e59d.dir/build.make CMakeFiles/cmTC_6e59d.dir/build
make[1]: Entering directory '/home/blackbox/catkin_ws/build/sick_scan/CMakeFiles/CMakeTmp'
Building C object CMakeFiles/cmTC_6e59d.dir/CheckFunctionExists.c.o
/usr/bin/cc    -DCHECK_FUNCTION_EXISTS=pthread_create   -o CMakeFiles/cmTC_6e59d.dir/CheckFunctionExists.c.o   -c /usr/share/cmake-3.5/Modules/CheckFunctionExists.c
Linking C executable cmTC_6e59d
/usr/bin/cmake -E cmake_link_script CMakeFiles/cmTC_6e59d.dir/link.txt --verbose=1
/usr/bin/cc   -DCHECK_FUNCTION_EXISTS=pthread_create    CMakeFiles/cmTC_6e59d.dir/CheckFunctionExists.c.o  -o cmTC_6e59d -rdynamic -lpthreads 
/usr/bin/ld: cannot find -lpthreads
collect2: error: ld returned 1 exit status
CMakeFiles/cmTC_6e59d.dir/build.make:97: recipe for target 'cmTC_6e59d' failed
make[1]: *** [cmTC_6e59d] Error 1
make[1]: Leaving directory '/home/blackbox/catkin_ws/build/sick_scan/CMakeFiles/CMakeTmp'
Makefile:126: recipe for target 'cmTC_6e59d/fast' failed
make: *** [cmTC_6e59d/fast] Error 2


