Determining if the pthread_create exist failed with the following output:
Change Dir: /home/blackbox/catkin_ws/build/rosserial_tivac/CMakeFiles/CMakeTmp

Run Build Command:"/usr/bin/make" "cmTC_832cf/fast"
/usr/bin/make -f CMakeFiles/cmTC_832cf.dir/build.make CMakeFiles/cmTC_832cf.dir/build
make[1]: Entering directory '/home/blackbox/catkin_ws/build/rosserial_tivac/CMakeFiles/CMakeTmp'
Building C object CMakeFiles/cmTC_832cf.dir/CheckSymbolExists.c.o
/usr/bin/cc     -o CMakeFiles/cmTC_832cf.dir/CheckSymbolExists.c.o   -c /home/blackbox/catkin_ws/build/rosserial_tivac/CMakeFiles/CMakeTmp/CheckSymbolExists.c
Linking C executable cmTC_832cf
/usr/bin/cmake -E cmake_link_script CMakeFiles/cmTC_832cf.dir/link.txt --verbose=1
/usr/bin/cc       CMakeFiles/cmTC_832cf.dir/CheckSymbolExists.c.o  -o cmTC_832cf -rdynamic 
CMakeFiles/cmTC_832cf.dir/CheckSymbolExists.c.o: In function `main':
CheckSymbolExists.c:(.text+0x16): undefined reference to `pthread_create'
collect2: error: ld returned 1 exit status
CMakeFiles/cmTC_832cf.dir/build.make:97: recipe for target 'cmTC_832cf' failed
make[1]: *** [cmTC_832cf] Error 1
make[1]: Leaving directory '/home/blackbox/catkin_ws/build/rosserial_tivac/CMakeFiles/CMakeTmp'
Makefile:126: recipe for target 'cmTC_832cf/fast' failed
make: *** [cmTC_832cf/fast] Error 2

File /home/blackbox/catkin_ws/build/rosserial_tivac/CMakeFiles/CMakeTmp/CheckSymbolExists.c:
/* */
#include <pthread.h>

int main(int argc, char** argv)
{
  (void)argv;
#ifndef pthread_create
  return ((int*)(&pthread_create))[argc];
#else
  (void)argc;
  return 0;
#endif
}

Determining if the function pthread_create exists in the pthreads failed with the following output:
Change Dir: /home/blackbox/catkin_ws/build/rosserial_tivac/CMakeFiles/CMakeTmp

Run Build Command:"/usr/bin/make" "cmTC_ecd72/fast"
/usr/bin/make -f CMakeFiles/cmTC_ecd72.dir/build.make CMakeFiles/cmTC_ecd72.dir/build
make[1]: Entering directory '/home/blackbox/catkin_ws/build/rosserial_tivac/CMakeFiles/CMakeTmp'
Building C object CMakeFiles/cmTC_ecd72.dir/CheckFunctionExists.c.o
/usr/bin/cc    -DCHECK_FUNCTION_EXISTS=pthread_create   -o CMakeFiles/cmTC_ecd72.dir/CheckFunctionExists.c.o   -c /usr/share/cmake-3.5/Modules/CheckFunctionExists.c
Linking C executable cmTC_ecd72
/usr/bin/cmake -E cmake_link_script CMakeFiles/cmTC_ecd72.dir/link.txt --verbose=1
/usr/bin/cc   -DCHECK_FUNCTION_EXISTS=pthread_create    CMakeFiles/cmTC_ecd72.dir/CheckFunctionExists.c.o  -o cmTC_ecd72 -rdynamic -lpthreads 
/usr/bin/ld: cannot find -lpthreads
collect2: error: ld returned 1 exit status
CMakeFiles/cmTC_ecd72.dir/build.make:97: recipe for target 'cmTC_ecd72' failed
make[1]: *** [cmTC_ecd72] Error 1
make[1]: Leaving directory '/home/blackbox/catkin_ws/build/rosserial_tivac/CMakeFiles/CMakeTmp'
Makefile:126: recipe for target 'cmTC_ecd72/fast' failed
make: *** [cmTC_ecd72/fast] Error 2


