Determining if the pthread_create exist failed with the following output:
Change Dir: /home/blackbox/catkin_ws/build/rosserial_server/CMakeFiles/CMakeTmp

Run Build Command:"/usr/bin/make" "cmTC_066ef/fast"
/usr/bin/make -f CMakeFiles/cmTC_066ef.dir/build.make CMakeFiles/cmTC_066ef.dir/build
make[1]: Entering directory '/home/blackbox/catkin_ws/build/rosserial_server/CMakeFiles/CMakeTmp'
Building C object CMakeFiles/cmTC_066ef.dir/CheckSymbolExists.c.o
/usr/bin/cc     -o CMakeFiles/cmTC_066ef.dir/CheckSymbolExists.c.o   -c /home/blackbox/catkin_ws/build/rosserial_server/CMakeFiles/CMakeTmp/CheckSymbolExists.c
Linking C executable cmTC_066ef
/usr/bin/cmake -E cmake_link_script CMakeFiles/cmTC_066ef.dir/link.txt --verbose=1
/usr/bin/cc       CMakeFiles/cmTC_066ef.dir/CheckSymbolExists.c.o  -o cmTC_066ef -rdynamic 
CMakeFiles/cmTC_066ef.dir/CheckSymbolExists.c.o: In function `main':
CheckSymbolExists.c:(.text+0x16): undefined reference to `pthread_create'
collect2: error: ld returned 1 exit status
CMakeFiles/cmTC_066ef.dir/build.make:97: recipe for target 'cmTC_066ef' failed
make[1]: *** [cmTC_066ef] Error 1
make[1]: Leaving directory '/home/blackbox/catkin_ws/build/rosserial_server/CMakeFiles/CMakeTmp'
Makefile:126: recipe for target 'cmTC_066ef/fast' failed
make: *** [cmTC_066ef/fast] Error 2

File /home/blackbox/catkin_ws/build/rosserial_server/CMakeFiles/CMakeTmp/CheckSymbolExists.c:
/* */
#include <pthread.h>

int main(int argc, char** argv)
{
  (void)argv;
#ifndef pthread_create
  return ((int*)(&pthread_create))[argc];
#else
  (void)argc;
  return 0;
#endif
}

Determining if the function pthread_create exists in the pthreads failed with the following output:
Change Dir: /home/blackbox/catkin_ws/build/rosserial_server/CMakeFiles/CMakeTmp

Run Build Command:"/usr/bin/make" "cmTC_bc442/fast"
/usr/bin/make -f CMakeFiles/cmTC_bc442.dir/build.make CMakeFiles/cmTC_bc442.dir/build
make[1]: Entering directory '/home/blackbox/catkin_ws/build/rosserial_server/CMakeFiles/CMakeTmp'
Building C object CMakeFiles/cmTC_bc442.dir/CheckFunctionExists.c.o
/usr/bin/cc    -DCHECK_FUNCTION_EXISTS=pthread_create   -o CMakeFiles/cmTC_bc442.dir/CheckFunctionExists.c.o   -c /usr/share/cmake-3.5/Modules/CheckFunctionExists.c
Linking C executable cmTC_bc442
/usr/bin/cmake -E cmake_link_script CMakeFiles/cmTC_bc442.dir/link.txt --verbose=1
/usr/bin/cc   -DCHECK_FUNCTION_EXISTS=pthread_create    CMakeFiles/cmTC_bc442.dir/CheckFunctionExists.c.o  -o cmTC_bc442 -rdynamic -lpthreads 
/usr/bin/ld: cannot find -lpthreads
collect2: error: ld returned 1 exit status
CMakeFiles/cmTC_bc442.dir/build.make:97: recipe for target 'cmTC_bc442' failed
make[1]: *** [cmTC_bc442] Error 1
make[1]: Leaving directory '/home/blackbox/catkin_ws/build/rosserial_server/CMakeFiles/CMakeTmp'
Makefile:126: recipe for target 'cmTC_bc442/fast' failed
make: *** [cmTC_bc442/fast] Error 2


