[ 33%] Built target test_node
[ 66%] Built target testt
[ 66%] Built target std_msgs_generate_messages_eus
[ 66%] Built target actionlib_msgs_generate_messages_nodejs
[ 66%] Built target actionlib_msgs_generate_messages_lisp
[ 66%] Built target nav_msgs_generate_messages_py
[ 66%] Built target nav_msgs_generate_messages_nodejs
[ 66%] Built target nav_msgs_generate_messages_lisp
[ 66%] Built target geometry_msgs_generate_messages_py
[ 66%] Built target roscpp_generate_messages_py
[ 66%] Built target rosgraph_msgs_generate_messages_eus
[ 66%] Built target geometry_msgs_generate_messages_nodejs
[ 66%] Built target std_msgs_generate_messages_nodejs
[ 66%] Built target roscpp_generate_messages_eus
[ 66%] Built target geometry_msgs_generate_messages_cpp
[ 66%] Built target geometry_msgs_generate_messages_lisp
[ 66%] Built target std_msgs_generate_messages_lisp
[ 66%] Built target actionlib_msgs_generate_messages_eus
[ 66%] Built target std_msgs_generate_messages_cpp
[ 66%] Built target rosgraph_msgs_generate_messages_cpp
[ 66%] Built target actionlib_msgs_generate_messages_cpp
[ 66%] Built target roscpp_generate_messages_nodejs
[ 66%] Built target nav_msgs_generate_messages_cpp
[ 66%] Built target rosgraph_msgs_generate_messages_lisp
[ 66%] Built target rosgraph_msgs_generate_messages_nodejs
[ 66%] Built target rosgraph_msgs_generate_messages_py
[ 66%] Built target nav_msgs_generate_messages_eus
[ 66%] Built target actionlib_msgs_generate_messages_py
[ 66%] Built target std_msgs_generate_messages_py
[ 66%] Built target roscpp_generate_messages_cpp
[ 66%] Built target geometry_msgs_generate_messages_eus
[ 66%] Built target roscpp_generate_messages_lisp
[100%] Built target server_node
